$ next build
   ▲ Next.js 14.1.3

   Creating an optimized production build ...
 ✓ Compiled successfully
   Linting and checking validity of types ...

 ⚠ The Next.js plugin was not detected in your ESLint configuration. See https://nextjs.org/docs/basic-features/eslint#migrating-existing-config
   Collecting page data ...
   Generating static pages (0/6) ...
   Generating static pages (1/6) 
   Generating static pages (2/6) 
   Generating static pages (4/6) 
 ✓ Generating static pages (6/6) 
   Finalizing page optimization ...
   Collecting build traces ...

Route (app)                              Size     First Load JS
┌ ○ /                                    175 B          89.5 kB
├ ○ /_not-found                          882 B          85.2 kB
└ ○ /dashboard                           175 B          89.5 kB
+ First Load JS shared by all            84.3 kB
  ├ chunks/1dd3208c-fabae523c53eee4d.js  53.4 kB
  ├ chunks/997-70c07e5abcd7fbe2.js       29 kB
  └ other shared chunks (total)          1.87 kB


○  (Static)  prerendered as static content

